<?xml version="1.0" encoding="UTF-8"?>
<testsuite name="TestPete" tests="1" skipped="0" failures="0" errors="0" timestamp="2022-03-29T20:11:58" hostname="p33t-M32CD4-K" time="0.016">
  <properties/>
  <testcase name="testIncBy2()" classname="TestPete" time="0.016"/>
  <system-out><![CDATA[]]></system-out>
  <system-err><![CDATA[]]></system-err>
</testsuite>
